running 1th time
Time for Facto = 5285.82 milliseconds
running 2th time
Time for Facto = 5120.74 milliseconds
running 3th time
Time for Facto = 5111.90 milliseconds
running 4th time
Time for Facto = 5158.29 milliseconds
running 5th time
Time for Facto = 5155.46 milliseconds
running 6th time
Time for Facto = 5153.47 milliseconds
running 7th time
Time for Facto = 5122.39 milliseconds
running 8th time
Time for Facto = 5087.69 milliseconds
running 9th time
Time for Facto = 5118.85 milliseconds
running 10th time
Time for Facto = 5106.15 milliseconds
running 1th time
Time for Prod = 210.11 milliseconds
running 2th time
Time for Prod = 210.61 milliseconds
running 3th time
Time for Prod = 212.45 milliseconds
running 4th time
Time for Prod = 215.74 milliseconds
running 5th time
Time for Prod = 213.97 milliseconds
running 6th time
Time for Prod = 215.00 milliseconds
running 7th time
Time for Prod = 212.07 milliseconds
running 8th time
Time for Prod = 215.13 milliseconds
running 9th time
Time for Prod = 209.80 milliseconds
running 10th time
Time for Prod = 211.11 milliseconds
running 1th time
Time for Fibo = 854.47 milliseconds
running 2th time
Time for Fibo = 656.23 milliseconds
running 3th time
Time for Fibo = 655.57 milliseconds
running 4th time
Time for Fibo = 648.97 milliseconds
running 5th time
Time for Fibo = 676.65 milliseconds
running 6th time
Time for Fibo = 660.82 milliseconds
running 7th time
Time for Fibo = 652.27 milliseconds
running 8th time
Time for Fibo = 659.70 milliseconds
running 9th time
Time for Fibo = 652.96 milliseconds
running 10th time
Time for Fibo = 673.86 milliseconds
finished

